RUN	FakeApiSimulation	fakeapisimulation	1638028496289	 	3.6.1
USER	Get Books	START	1638028497026
USER	Put Books	START	1638028497028
USER	Get Book by Id	START	1638028497025
USER	Post Books	START	1638028497027
USER	Delete Books	START	1638028497025
REQUEST		Post Books	1638028497048	1638028497225	OK	 
USER	Post Books	END	1638028497231
REQUEST		Put Books	1638028497048	1638028497253	OK	 
REQUEST		Put Books	1638028497048	1638028497225	OK	 
REQUEST		Post Book	1638028497048	1638028497217	OK	 
REQUEST		Put Book	1638028497272	1638028497332	OK	 
USER	Put Books	END	1638028497333
REQUEST		Delete Books	1638028497272	1638028497333	OK	 
USER	Delete Books	END	1638028497335
REQUEST		Get Books	1638028497272	1638028497372	OK	 
USER	Get Book by Id	END	1638028497374
REQUEST		Get Books	1638028497048	1638028497805	OK	 
USER	Get Books	END	1638028497806
USER	Get Books	START	1638028499022
USER	Get Book by Id	START	1638028499022
USER	Put Books	START	1638028499022
USER	Post Books	START	1638028499022
USER	Delete Books	START	1638028499022
REQUEST		Post Books	1638028499022	1638028499200	OK	 
USER	Post Books	END	1638028499201
REQUEST		Put Books	1638028499022	1638028499202	OK	 
REQUEST		Post Book	1638028499022	1638028499202	OK	 
REQUEST		Put Books	1638028499022	1638028499203	OK	 
REQUEST		Put Book	1638028499203	1638028499250	OK	 
USER	Put Books	END	1638028499250
REQUEST		Delete Books	1638028499203	1638028499271	OK	 
USER	Delete Books	END	1638028499272
REQUEST		Get Books	1638028499203	1638028499327	OK	 
USER	Get Book by Id	END	1638028499327
REQUEST		Get Books	1638028499022	1638028499729	OK	 
USER	Get Books	END	1638028499729
USER	Post Books	START	1638028501022
USER	Put Books	START	1638028501022
USER	Get Book by Id	START	1638028501022
USER	Delete Books	START	1638028501022
USER	Get Books	START	1638028501022
REQUEST		Put Books	1638028501022	1638028501191	OK	 
REQUEST		Post Books	1638028501022	1638028501212	OK	 
REQUEST		Post Book	1638028501022	1638028501211	OK	 
REQUEST		Put Books	1638028501022	1638028501211	OK	 
USER	Post Books	END	1638028501212
REQUEST		Delete Books	1638028501192	1638028501230	OK	 
USER	Delete Books	END	1638028501231
REQUEST		Put Book	1638028501212	1638028501269	OK	 
USER	Put Books	END	1638028501270
REQUEST		Get Books	1638028501212	1638028501328	OK	 
USER	Get Book by Id	END	1638028501329
REQUEST		Get Books	1638028501022	1638028501775	OK	 
USER	Get Books	END	1638028501775
USER	Put Books	START	1638028503020
USER	Get Books	START	1638028503020
USER	Delete Books	START	1638028503020
USER	Post Books	START	1638028503020
USER	Get Book by Id	START	1638028503020
REQUEST		Post Books	1638028503020	1638028503197	OK	 
USER	Post Books	END	1638028503197
REQUEST		Put Books	1638028503020	1638028503198	OK	 
REQUEST		Post Book	1638028503020	1638028503198	OK	 
REQUEST		Put Books	1638028503020	1638028503198	OK	 
REQUEST		Put Book	1638028503199	1638028503255	OK	 
USER	Put Books	END	1638028503256
REQUEST		Delete Books	1638028503199	1638028503257	OK	 
USER	Delete Books	END	1638028503257
REQUEST		Get Books	1638028503199	1638028503351	OK	 
USER	Get Book by Id	END	1638028503351
REQUEST		Get Books	1638028503020	1638028503740	OK	 
USER	Get Books	END	1638028503741
USER	Post Books	START	1638028505019
USER	Put Books	START	1638028505019
USER	Delete Books	START	1638028505019
USER	Get Book by Id	START	1638028505019
USER	Get Books	START	1638028505019
REQUEST		Put Books	1638028505019	1638028505175	OK	 
REQUEST		Post Books	1638028505019	1638028505199	OK	 
USER	Post Books	END	1638028505199
REQUEST		Post Book	1638028505019	1638028505200	OK	 
REQUEST		Put Books	1638028505019	1638028505206	OK	 
REQUEST		Delete Books	1638028505175	1638028505217	OK	 
USER	Delete Books	END	1638028505218
REQUEST		Put Book	1638028505207	1638028505269	OK	 
USER	Put Books	END	1638028505270
REQUEST		Get Books	1638028505201	1638028505335	OK	 
USER	Get Book by Id	END	1638028505336
REQUEST		Get Books	1638028505019	1638028505741	OK	 
USER	Get Books	END	1638028505742
